<?xml version="1.0" encoding="UTF-8"?>
<testsuite xmlns:xsi="http://www.w3.org/2001/XMLSchema-instance" xsi:noNamespaceSchemaLocation="https://maven.apache.org/surefire/maven-surefire-plugin/xsd/surefire-test-report-3.0.xsd" version="3.0" name="com.test.WeatherTest" time="3.128" tests="6" errors="0" skipped="0" failures="2">
  <properties>
[...]
</properties>
  <testcase name="testFetchWeatherData" classname="com.test.WeatherTest" time="1.131">
    <system-out><![CDATA[HTTP/1.1 200 OK
Server: openresty
Date: Mon, 18 Mar 2024 10:55:33 GMT
Content-Type: application/json; charset=utf-8
Content-Length: 485
Connection: keep-alive
X-Cache-Key: /data/2.5/weather?q=london
Access-Control-Allow-Origin: *
Access-Control-Allow-Credentials: true
Access-Control-Allow-Methods: GET, POST

{
    "coord": {
        "lon": -0.1257,
        "lat": 51.5085
    },
    "weather": [
        {
            "id": 803,
            "main": "Clouds",
            "description": "broken clouds",
            "icon": "04d"
        }
    ],
    "base": "stations",
    "main": {
        "temp": 286.06,
        "feels_like": 285.55,
        "temp_min": 284.79,
        "temp_max": 287.04,
        "pressure": 1015,
        "humidity": 82
    },
    "visibility": 10000,
    "wind": {
        "speed": 3.58,
        "deg": 236,
        "gust": 6.71
    },
    "clouds": {
        "all": 75
    },
    "dt": 1710759064,
    "sys": {
        "type": 2,
        "id": 2075535,
        "country": "GB",
        "sunrise": 1710742023,
        "sunset": 1710785394
    },
    "timezone": 0,
    "id": 2643743,
    "name": "London",
    "cod": 200
}
{"coord":{"lon":-0.1257,"lat":51.5085},"weather":[{"id":803,"main":"Clouds","description":"broken clouds","icon":"04d"}],"base":"stations","main":{"temp":286.06,"feels_like":285.55,"temp_min":284.79,"temp_max":287.04,"pressure":1015,"humidity":82},"visibility":10000,"wind":{"speed":3.58,"deg":236,"gust":6.71},"clouds":{"all":75},"dt":1710759064,"sys":{"type":2,"id":2075535,"country":"GB","sunrise":1710742023,"sunset":1710785394},"timezone":0,"id":2643743,"name":"London","cod":200}
12.909998
82
broken clouds
]]></system-out>
    <system-err><![CDATA[SLF4J: Failed to load class "org.slf4j.impl.StaticLoggerBinder".
SLF4J: Defaulting to no-operation (NOP) logger implementation
SLF4J: See http://www.slf4j.org/codes.html#StaticLoggerBinder for further details.
]]></system-err>
  </testcase>
  <testcase name="testTemperature" classname="com.test.WeatherTest" time="0.273">
    <system-out><![CDATA[HTTP/1.1 200 OK
Server: openresty
Date: Mon, 18 Mar 2024 10:55:34 GMT
Content-Type: application/json; charset=utf-8
Content-Length: 485
Connection: keep-alive
X-Cache-Key: /data/2.5/weather?q=london
Access-Control-Allow-Origin: *
Access-Control-Allow-Credentials: true
Access-Control-Allow-Methods: GET, POST

{
    "coord": {
        "lon": -0.1257,
        "lat": 51.5085
    },
    "weather": [
        {
            "id": 803,
            "main": "Clouds",
            "description": "broken clouds",
            "icon": "04d"
        }
    ],
    "base": "stations",
    "main": {
        "temp": 286.06,
        "feels_like": 285.55,
        "temp_min": 284.79,
        "temp_max": 287.04,
        "pressure": 1015,
        "humidity": 82
    },
    "visibility": 10000,
    "wind": {
        "speed": 3.58,
        "deg": 236,
        "gust": 6.71
    },
    "clouds": {
        "all": 75
    },
    "dt": 1710759064,
    "sys": {
        "type": 2,
        "id": 2075535,
        "country": "GB",
        "sunrise": 1710742023,
        "sunset": 1710785394
    },
    "timezone": 0,
    "id": 2643743,
    "name": "London",
    "cod": 200
}
{"coord":{"lon":-0.1257,"lat":51.5085},"weather":[{"id":803,"main":"Clouds","description":"broken clouds","icon":"04d"}],"base":"stations","main":{"temp":286.06,"feels_like":285.55,"temp_min":284.79,"temp_max":287.04,"pressure":1015,"humidity":82},"visibility":10000,"wind":{"speed":3.58,"deg":236,"gust":6.71},"clouds":{"all":75},"dt":1710759064,"sys":{"type":2,"id":2075535,"country":"GB","sunrise":1710742023,"sunset":1710785394},"timezone":0,"id":2643743,"name":"London","cod":200}
12.909998
82
broken clouds
]]></system-out>
  </testcase>
  <testcase name="testHumidity" classname="com.test.WeatherTest" time="0.242">
    <system-out><![CDATA[HTTP/1.1 200 OK
Server: openresty
Date: Mon, 18 Mar 2024 10:55:34 GMT
Content-Type: application/json; charset=utf-8
Content-Length: 485
Connection: keep-alive
X-Cache-Key: /data/2.5/weather?q=london
Access-Control-Allow-Origin: *
Access-Control-Allow-Credentials: true
Access-Control-Allow-Methods: GET, POST

{
    "coord": {
        "lon": -0.1257,
        "lat": 51.5085
    },
    "weather": [
        {
            "id": 803,
            "main": "Clouds",
            "description": "broken clouds",
            "icon": "04d"
        }
    ],
    "base": "stations",
    "main": {
        "temp": 286.06,
        "feels_like": 285.55,
        "temp_min": 284.79,
        "temp_max": 287.04,
        "pressure": 1015,
        "humidity": 82
    },
    "visibility": 10000,
    "wind": {
        "speed": 3.58,
        "deg": 236,
        "gust": 6.71
    },
    "clouds": {
        "all": 75
    },
    "dt": 1710759064,
    "sys": {
        "type": 2,
        "id": 2075535,
        "country": "GB",
        "sunrise": 1710742023,
        "sunset": 1710785394
    },
    "timezone": 0,
    "id": 2643743,
    "name": "London",
    "cod": 200
}
{"coord":{"lon":-0.1257,"lat":51.5085},"weather":[{"id":803,"main":"Clouds","description":"broken clouds","icon":"04d"}],"base":"stations","main":{"temp":286.06,"feels_like":285.55,"temp_min":284.79,"temp_max":287.04,"pressure":1015,"humidity":82},"visibility":10000,"wind":{"speed":3.58,"deg":236,"gust":6.71},"clouds":{"all":75},"dt":1710759064,"sys":{"type":2,"id":2075535,"country":"GB","sunrise":1710742023,"sunset":1710785394},"timezone":0,"id":2643743,"name":"London","cod":200}
12.909998
82
broken clouds
]]></system-out>
  </testcase>
  <testcase name="testFetchWeatherData_ValidCity" classname="com.test.WeatherTest" time="0.25">
    <system-out><![CDATA[HTTP/1.1 200 OK
Server: openresty
Date: Mon, 18 Mar 2024 10:55:34 GMT
Content-Type: application/json; charset=utf-8
Content-Length: 485
Connection: keep-alive
X-Cache-Key: /data/2.5/weather?q=london
Access-Control-Allow-Origin: *
Access-Control-Allow-Credentials: true
Access-Control-Allow-Methods: GET, POST

{
    "coord": {
        "lon": -0.1257,
        "lat": 51.5085
    },
    "weather": [
        {
            "id": 803,
            "main": "Clouds",
            "description": "broken clouds",
            "icon": "04d"
        }
    ],
    "base": "stations",
    "main": {
        "temp": 286.06,
        "feels_like": 285.55,
        "temp_min": 284.79,
        "temp_max": 287.04,
        "pressure": 1015,
        "humidity": 82
    },
    "visibility": 10000,
    "wind": {
        "speed": 3.58,
        "deg": 236,
        "gust": 6.71
    },
    "clouds": {
        "all": 75
    },
    "dt": 1710759064,
    "sys": {
        "type": 2,
        "id": 2075535,
        "country": "GB",
        "sunrise": 1710742023,
        "sunset": 1710785394
    },
    "timezone": 0,
    "id": 2643743,
    "name": "London",
    "cod": 200
}
{"coord":{"lon":-0.1257,"lat":51.5085},"weather":[{"id":803,"main":"Clouds","description":"broken clouds","icon":"04d"}],"base":"stations","main":{"temp":286.06,"feels_like":285.55,"temp_min":284.79,"temp_max":287.04,"pressure":1015,"humidity":82},"visibility":10000,"wind":{"speed":3.58,"deg":236,"gust":6.71},"clouds":{"all":75},"dt":1710759064,"sys":{"type":2,"id":2075535,"country":"GB","sunrise":1710742023,"sunset":1710785394},"timezone":0,"id":2643743,"name":"London","cod":200}
12.909998
82
broken clouds
]]></system-out>
  </testcase>
  <testcase name="testFetchWeatherData_InvalidCity" classname="com.test.WeatherTest" time="0.709">
    <failure message="Failed to parse the JSON document" type="io.restassured.path.json.exception.JsonPathException"><![CDATA[io.restassured.path.json.exception.JsonPathException: Failed to parse the JSON document
	at io.restassured.path.json.JsonPath$ExceptionCatcher.invoke(JsonPath.java:1002)
	at io.restassured.path.json.JsonPath$4.doParseWith(JsonPath.java:967)
	at io.restassured.path.json.JsonPath$JsonParser.parseWith(JsonPath.java:1047)
	at io.restassured.path.json.JsonPath.get(JsonPath.java:202)
	at io.restassured.path.json.JsonPath.getString(JsonPath.java:352)
	at com.test.WeatherTest.testFetchWeatherData_InvalidCity(WeatherTest.java:69)
	at java.base/jdk.internal.reflect.NativeMethodAccessorImpl.invoke0(Native Method)
	at java.base/jdk.internal.reflect.NativeMethodAccessorImpl.invoke(NativeMethodAccessorImpl.java:77)
	at java.base/jdk.internal.reflect.DelegatingMethodAccessorImpl.invoke(DelegatingMethodAccessorImpl.java:43)
	at java.base/java.lang.reflect.Method.invoke(Method.java:568)
	at org.testng.internal.invokers.MethodInvocationHelper.invokeMethod(MethodInvocationHelper.java:139)
	at org.testng.internal.invokers.TestInvoker.invokeMethod(TestInvoker.java:664)
	at org.testng.internal.invokers.TestInvoker.invokeTestMethod(TestInvoker.java:228)
	at org.testng.internal.invokers.MethodRunner.runInSequence(MethodRunner.java:63)
	at org.testng.internal.invokers.TestInvoker$MethodInvocationAgent.invoke(TestInvoker.java:961)
	at org.testng.internal.invokers.TestInvoker.invokeTestMethods(TestInvoker.java:201)
	at org.testng.internal.invokers.TestMethodWorker.invokeTestMethods(TestMethodWorker.java:148)
	at org.testng.internal.invokers.TestMethodWorker.run(TestMethodWorker.java:128)
	at java.base/java.util.ArrayList.forEach(ArrayList.java:1511)
	at org.testng.TestRunner.privateRun(TestRunner.java:819)
	at org.testng.TestRunner.run(TestRunner.java:619)
	at org.testng.SuiteRunner.runTest(SuiteRunner.java:443)
	at org.testng.SuiteRunner.runSequentially(SuiteRunner.java:437)
	at org.testng.SuiteRunner.privateRun(SuiteRunner.java:397)
	at org.testng.SuiteRunner.run(SuiteRunner.java:336)
	at org.testng.SuiteRunnerWorker.runSuite(SuiteRunnerWorker.java:52)
	at org.testng.SuiteRunnerWorker.run(SuiteRunnerWorker.java:95)
	at org.testng.TestNG.runSuitesSequentially(TestNG.java:1301)
	at org.testng.TestNG.runSuitesLocally(TestNG.java:1228)
	at org.testng.TestNG.runSuites(TestNG.java:1134)
	at org.testng.TestNG.run(TestNG.java:1101)
	at org.apache.maven.surefire.testng.TestNGExecutor.run(TestNGExecutor.java:155)
	at org.apache.maven.surefire.testng.TestNGDirectoryTestSuite.executeSingleClass(TestNGDirectoryTestSuite.java:102)
	at org.apache.maven.surefire.testng.TestNGDirectoryTestSuite.execute(TestNGDirectoryTestSuite.java:91)
	at org.apache.maven.surefire.testng.TestNGProvider.invoke(TestNGProvider.java:137)
	at org.apache.maven.surefire.booter.ForkedBooter.runSuitesInProcess(ForkedBooter.java:385)
	at org.apache.maven.surefire.booter.ForkedBooter.execute(ForkedBooter.java:162)
	at org.apache.maven.surefire.booter.ForkedBooter.run(ForkedBooter.java:507)
	at org.apache.maven.surefire.booter.ForkedBooter.main(ForkedBooter.java:495)
Caused by: groovy.json.JsonException: Lexing failed on line: 1, column: 1, while reading 'w', no possible valid JSON value or punctuation could be recognized.
	at groovy.json.JsonLexer.nextToken(JsonLexer.java:86)
	at groovy.json.JsonLexer$nextToken.call(Unknown Source)
	at io.restassured.internal.path.json.ConfigurableJsonSlurper.parse(ConfigurableJsonSlurper.groovy:97)
	at io.restassured.internal.path.json.ConfigurableJsonSlurper$parse.callCurrent(Unknown Source)
	at io.restassured.internal.path.json.ConfigurableJsonSlurper.parseText(ConfigurableJsonSlurper.groovy:83)
	at io.restassured.path.json.JsonPath$4$1.method(JsonPath.java:965)
	at io.restassured.path.json.JsonPath$ExceptionCatcher.invoke(JsonPath.java:1000)
	... 38 more
]]></failure>
    <system-out><![CDATA[HTTP/1.1 404 Not Found
Server: openresty
Date: Mon, 18 Mar 2024 10:55:35 GMT
Content-Type: application/json; charset=utf-8
Content-Length: 40
Connection: keep-alive
X-Cache-Key: /data/2.5/weather?q=xvn
Access-Control-Allow-Origin: *
Access-Control-Allow-Credentials: true
Access-Control-Allow-Methods: GET, POST

{
    "cod": "404",
    "message": "city not found"
}
]]></system-out>
  </testcase>
  <testcase name="testFetchWeatherData_EmptyCity" classname="com.test.WeatherTest" time="0.217">
    <failure message="Schema to use cannot be null" type="java.lang.IllegalArgumentException"><![CDATA[java.lang.IllegalArgumentException: Schema to use cannot be null
	at io.restassured.module.jsv.JsonSchemaValidator.validateSchemaIsNotNull(JsonSchemaValidator.java:270)
	at io.restassured.module.jsv.JsonSchemaValidator.access$300(JsonSchemaValidator.java:75)
	at io.restassured.module.jsv.JsonSchemaValidator$JsonSchemaValidatorFactory.create(JsonSchemaValidator.java:281)
	at io.restassured.module.jsv.JsonSchemaValidator.matchesJsonSchema(JsonSchemaValidator.java:166)
	at io.restassured.module.jsv.JsonSchemaValidator.matchesJsonSchemaInClasspath(JsonSchemaValidator.java:117)
	at com.test.WeatherTest.testFetchWeatherData_EmptyCity(WeatherTest.java:78)
	at java.base/jdk.internal.reflect.NativeMethodAccessorImpl.invoke0(Native Method)
	at java.base/jdk.internal.reflect.NativeMethodAccessorImpl.invoke(NativeMethodAccessorImpl.java:77)
	at java.base/jdk.internal.reflect.DelegatingMethodAccessorImpl.invoke(DelegatingMethodAccessorImpl.java:43)
	at java.base/java.lang.reflect.Method.invoke(Method.java:568)
	at org.testng.internal.invokers.MethodInvocationHelper.invokeMethod(MethodInvocationHelper.java:139)
	at org.testng.internal.invokers.TestInvoker.invokeMethod(TestInvoker.java:664)
	at org.testng.internal.invokers.TestInvoker.invokeTestMethod(TestInvoker.java:228)
	at org.testng.internal.invokers.MethodRunner.runInSequence(MethodRunner.java:63)
	at org.testng.internal.invokers.TestInvoker$MethodInvocationAgent.invoke(TestInvoker.java:961)
	at org.testng.internal.invokers.TestInvoker.invokeTestMethods(TestInvoker.java:201)
	at org.testng.internal.invokers.TestMethodWorker.invokeTestMethods(TestMethodWorker.java:148)
	at org.testng.internal.invokers.TestMethodWorker.run(TestMethodWorker.java:128)
	at java.base/java.util.ArrayList.forEach(ArrayList.java:1511)
	at org.testng.TestRunner.privateRun(TestRunner.java:819)
	at org.testng.TestRunner.run(TestRunner.java:619)
	at org.testng.SuiteRunner.runTest(SuiteRunner.java:443)
	at org.testng.SuiteRunner.runSequentially(SuiteRunner.java:437)
	at org.testng.SuiteRunner.privateRun(SuiteRunner.java:397)
	at org.testng.SuiteRunner.run(SuiteRunner.java:336)
	at org.testng.SuiteRunnerWorker.runSuite(SuiteRunnerWorker.java:52)
	at org.testng.SuiteRunnerWorker.run(SuiteRunnerWorker.java:95)
	at org.testng.TestNG.runSuitesSequentially(TestNG.java:1301)
	at org.testng.TestNG.runSuitesLocally(TestNG.java:1228)
	at org.testng.TestNG.runSuites(TestNG.java:1134)
	at org.testng.TestNG.run(TestNG.java:1101)
	at org.apache.maven.surefire.testng.TestNGExecutor.run(TestNGExecutor.java:155)
	at org.apache.maven.surefire.testng.TestNGDirectoryTestSuite.executeSingleClass(TestNGDirectoryTestSuite.java:102)
	at org.apache.maven.surefire.testng.TestNGDirectoryTestSuite.execute(TestNGDirectoryTestSuite.java:91)
	at org.apache.maven.surefire.testng.TestNGProvider.invoke(TestNGProvider.java:137)
	at org.apache.maven.surefire.booter.ForkedBooter.runSuitesInProcess(ForkedBooter.java:385)
	at org.apache.maven.surefire.booter.ForkedBooter.execute(ForkedBooter.java:162)
	at org.apache.maven.surefire.booter.ForkedBooter.run(ForkedBooter.java:507)
	at org.apache.maven.surefire.booter.ForkedBooter.main(ForkedBooter.java:495)
]]></failure>
    <system-out><![CDATA[HTTP/1.1 404 Not Found
Server: openresty
Date: Mon, 18 Mar 2024 10:55:35 GMT
Content-Type: application/json; charset=utf-8
Content-Length: 40
Connection: keep-alive
X-Cache-Key: /data/2.5/weather?q=%20
Access-Control-Allow-Origin: *
Access-Control-Allow-Credentials: true
Access-Control-Allow-Methods: GET, POST

{
    "cod": "404",
    "message": "city not found"
}
HTTP/1.1 404 Not Found
Server: openresty
Date: Mon, 18 Mar 2024 10:55:35 GMT
Content-Type: application/json; charset=utf-8
Content-Length: 40
Connection: keep-alive
X-Cache-Key: /data/2.5/weather?q=%20
Access-Control-Allow-Origin: *
Access-Control-Allow-Credentials: true
Access-Control-Allow-Methods: GET, POST

{
    "cod": "404",
    "message": "city not found"
}
]]></system-out>
  </testcase>
</testsuite>